!SESSION 2014-05-21 11:59:41.928 -----------------------------------------------
eclipse.buildId=M20100909-0800
java.version=1.7.0_51
java.vendor=Oracle Corporation
BootLoader constants: OS=win32, ARCH=x86, WS=win32, NL=es_CL
Framework arguments:  -product org.eclipse.platform.ide
Command-line arguments:  -product org.eclipse.platform.ide -data C:\Users\Alvarroco\workspace\tsoo_mswin\M1_tema4/../runtime-EclipseApplication -dev file:C:/Users/Alvarroco/workspace/tsoo_mswin/M1_tema4/.metadata/.plugins/org.eclipse.pde.core/Eclipse Application/dev.properties -os win32 -ws win32 -arch x86 -consoleLog

!ENTRY org.eclipse.osgi 4 0 2014-05-21 11:59:42.558
!MESSAGE Startup error
!STACK 1
java.lang.NumberFormatException: For input string: ""
	at java.lang.NumberFormatException.forInputString(Unknown Source)
	at java.lang.Integer.parseInt(Unknown Source)
	at java.lang.Integer.parseInt(Unknown Source)
	at org.eclipse.osgi.storagemanager.StorageManager.updateTable(StorageManager.java:510)
	at org.eclipse.osgi.storagemanager.StorageManager.open(StorageManager.java:695)
	at org.eclipse.osgi.internal.baseadaptor.BaseStorage.initFileManager(BaseStorage.java:213)
	at org.eclipse.osgi.internal.baseadaptor.BaseStorage.initialize(BaseStorage.java:147)
	at org.eclipse.osgi.baseadaptor.BaseAdaptor.initializeStorage(BaseAdaptor.java:114)
	at org.eclipse.osgi.framework.internal.core.Framework.initialize(Framework.java:185)
	at org.eclipse.osgi.framework.internal.core.Framework.<init>(Framework.java:157)
	at org.eclipse.core.runtime.adaptor.EclipseStarter.startup(EclipseStarter.java:286)
	at org.eclipse.core.runtime.adaptor.EclipseStarter.run(EclipseStarter.java:175)
	at sun.reflect.NativeMethodAccessorImpl.invoke0(Native Method)
	at sun.reflect.NativeMethodAccessorImpl.invoke(Unknown Source)
	at sun.reflect.DelegatingMethodAccessorImpl.invoke(Unknown Source)
	at java.lang.reflect.Method.invoke(Unknown Source)
	at org.eclipse.equinox.launcher.Main.invokeFramework(Main.java:619)
	at org.eclipse.equinox.launcher.Main.basicRun(Main.java:574)
	at org.eclipse.equinox.launcher.Main.run(Main.java:1407)
	at org.eclipse.equinox.launcher.Main.main(Main.java:1383)
